f:\gitee\mediasoup-client-qt-win\mediasoup\x64\debug\roomclient.pdb
f:\gitee\mediasoup-client-qt-win\mediasoup\x64\debug\roomclient.idb
f:\gitee\mediasoup-client-qt-win\mediasoup\roomclient\x64\debug\moc_roomclient.obj
f:\gitee\mediasoup-client-qt-win\mediasoup\roomclient\x64\debug\network_request_executor.obj
f:\gitee\mediasoup-client-qt-win\mediasoup\roomclient\x64\debug\component_factory.obj
f:\gitee\mediasoup-client-qt-win\mediasoup\roomclient\x64\debug\string_utils.obj
f:\gitee\mediasoup-client-qt-win\mediasoup\roomclient\x64\debug\network_request_consumer.obj
f:\gitee\mediasoup-client-qt-win\mediasoup\roomclient\x64\debug\bad_any_cast.obj
f:\gitee\mediasoup-client-qt-win\mediasoup\roomclient\x64\debug\notification_keys.obj
f:\gitee\mediasoup-client-qt-win\mediasoup\roomclient\x64\debug\sdp_utils.obj
f:\gitee\mediasoup-client-qt-win\mediasoup\roomclient\x64\debug\rtc_log_sink.obj
f:\gitee\mediasoup-client-qt-win\mediasoup\roomclient\x64\debug\network_request_manager.obj
f:\gitee\mediasoup-client-qt-win\mediasoup\roomclient\x64\debug\network_request_task.obj
f:\gitee\mediasoup-client-qt-win\mediasoup\roomclient\x64\debug\network_status_detector.obj
f:\gitee\mediasoup-client-qt-win\mediasoup\roomclient\x64\debug\thread_provider.obj
f:\gitee\mediasoup-client-qt-win\mediasoup\roomclient\x64\debug\network_request_plugin.obj
f:\gitee\mediasoup-client-qt-win\mediasoup\roomclient\x64\debug\service_factory.obj
f:\gitee\mediasoup-client-qt-win\mediasoup\roomclient\x64\debug\network_http_client.obj
f:\gitee\mediasoup-client-qt-win\mediasoup\roomclient\x64\debug\core.obj
f:\gitee\mediasoup-client-qt-win\mediasoup\roomclient\x64\debug\tls_websocket_endpoint.obj
f:\gitee\mediasoup-client-qt-win\mediasoup\roomclient\x64\debug\participant.obj
f:\gitee\mediasoup-client-qt-win\mediasoup\roomclient\x64\debug\rtc_context.obj
f:\gitee\mediasoup-client-qt-win\mediasoup\roomclient\x64\debug\spd_logger.obj
f:\gitee\mediasoup-client-qt-win\mediasoup\roomclient\x64\debug\base_video_capturer.obj
f:\gitee\mediasoup-client-qt-win\mediasoup\roomclient\x64\debug\websocket_endpoint.obj
f:\gitee\mediasoup-client-qt-win\mediasoup\roomclient\x64\debug\signaling_models.obj
f:\gitee\mediasoup-client-qt-win\mediasoup\x64\debug\roomclient.lib
f:\gitee\mediasoup-client-qt-win\mediasoup\roomclient\x64\debug\moc\moc_roomclient.cpp
f:\gitee\mediasoup-client-qt-win\mediasoup\roomclient\x64\debug\roomclient.obj
f:\gitee\mediasoup-client-qt-win\mediasoup\roomclient\x64\debug\roomclient.tlog\cl.command.1.tlog
f:\gitee\mediasoup-client-qt-win\mediasoup\roomclient\x64\debug\roomclient.tlog\cl.read.1.tlog
f:\gitee\mediasoup-client-qt-win\mediasoup\roomclient\x64\debug\roomclient.tlog\cl.write.1.tlog
f:\gitee\mediasoup-client-qt-win\mediasoup\roomclient\x64\debug\roomclient.tlog\lib-link.read.1.tlog
f:\gitee\mediasoup-client-qt-win\mediasoup\roomclient\x64\debug\roomclient.tlog\lib-link.write.1.tlog
f:\gitee\mediasoup-client-qt-win\mediasoup\roomclient\x64\debug\roomclient.tlog\lib.command.1.tlog
f:\gitee\mediasoup-client-qt-win\mediasoup\roomclient\x64\debug\roomclient.tlog\moc.read.1u.tlog
f:\gitee\mediasoup-client-qt-win\mediasoup\roomclient\x64\debug\roomclient.tlog\moc.write.1u.tlog
f:\gitee\mediasoup-client-qt-win\mediasoup\roomclient\x64\debug\roomclient.tlog\roomclient.write.1u.tlog
